2025-05-20T10:49:40.783+05:30  INFO 17504 --- [crm-service] [restartedMain] com.app.ClmsCrmApiModuleApplication      : Starting ClmsCrmApiModuleApplication using Java 17.0.13 with PID 17504 (C:\Users\suraj\git\CarLoan_CRM\CLMS-CRM-API-Module\target\classes started by suraj in C:\Users\suraj\git\CarLoan_CRM\CLMS-CRM-API-Module)
2025-05-20T10:49:40.789+05:30  INFO 17504 --- [crm-service] [restartedMain] com.app.ClmsCrmApiModuleApplication      : No active profile set, falling back to 1 default profile: "default"
2025-05-20T10:49:40.850+05:30  INFO 17504 --- [crm-service] [restartedMain] .e.DevToolsPropertyDefaultsPostProcessor : Devtools property defaults active! Set 'spring.devtools.add-properties' to 'false' to disable
2025-05-20T10:49:40.851+05:30  INFO 17504 --- [crm-service] [restartedMain] .e.DevToolsPropertyDefaultsPostProcessor : For additional web related logging consider setting the 'logging.level.web' property to 'DEBUG'
2025-05-20T10:49:41.897+05:30  INFO 17504 --- [crm-service] [restartedMain] .s.d.r.c.RepositoryConfigurationDelegate : Bootstrapping Spring Data JPA repositories in DEFAULT mode.
2025-05-20T10:49:42.066+05:30  INFO 17504 --- [crm-service] [restartedMain] .s.d.r.c.RepositoryConfigurationDelegate : Finished Spring Data repository scanning in 159 ms. Found 2 JPA repository interfaces.
2025-05-20T10:49:42.269+05:30  INFO 17504 --- [crm-service] [restartedMain] o.s.cloud.context.scope.GenericScope     : BeanFactory id=9e6e3fa3-3aa5-3155-a212-22ded5be9345
2025-05-20T10:49:42.944+05:30  INFO 17504 --- [crm-service] [restartedMain] o.s.b.w.embedded.tomcat.TomcatWebServer  : Tomcat initialized with port 1111 (http)
2025-05-20T10:49:42.957+05:30  INFO 17504 --- [crm-service] [restartedMain] o.apache.catalina.core.StandardService   : Starting service [Tomcat]
2025-05-20T10:49:42.958+05:30  INFO 17504 --- [crm-service] [restartedMain] o.apache.catalina.core.StandardEngine    : Starting Servlet engine: [Apache Tomcat/10.1.39]
2025-05-20T10:49:43.024+05:30  INFO 17504 --- [crm-service] [restartedMain] o.a.c.c.C.[Tomcat].[localhost].[/]       : Initializing Spring embedded WebApplicationContext
2025-05-20T10:49:43.025+05:30  INFO 17504 --- [crm-service] [restartedMain] w.s.c.ServletWebServerApplicationContext : Root WebApplicationContext: initialization completed in 2173 ms
2025-05-20T10:49:43.343+05:30  INFO 17504 --- [crm-service] [restartedMain] o.hibernate.jpa.internal.util.LogHelper  : HHH000204: Processing PersistenceUnitInfo [name: default]
2025-05-20T10:49:43.417+05:30  INFO 17504 --- [crm-service] [restartedMain] org.hibernate.Version                    : HHH000412: Hibernate ORM core version 6.6.11.Final
2025-05-20T10:49:43.456+05:30  INFO 17504 --- [crm-service] [restartedMain] o.h.c.internal.RegionFactoryInitiator    : HHH000026: Second-level cache disabled
2025-05-20T10:49:43.763+05:30  INFO 17504 --- [crm-service] [restartedMain] o.s.o.j.p.SpringPersistenceUnitInfo      : No LoadTimeWeaver setup: ignoring JPA class transformer
2025-05-20T10:49:43.797+05:30  INFO 17504 --- [crm-service] [restartedMain] com.zaxxer.hikari.HikariDataSource       : HikariPool-1 - Starting...
2025-05-20T10:49:44.301+05:30  INFO 17504 --- [crm-service] [restartedMain] com.zaxxer.hikari.pool.HikariPool        : HikariPool-1 - Added connection com.mysql.cj.jdbc.ConnectionImpl@7eef8ec9
2025-05-20T10:49:44.304+05:30  INFO 17504 --- [crm-service] [restartedMain] com.zaxxer.hikari.HikariDataSource       : HikariPool-1 - Start completed.
2025-05-20T10:49:44.441+05:30  WARN 17504 --- [crm-service] [restartedMain] org.hibernate.orm.deprecation            : HHH90000025: MySQLDialect does not need to be specified explicitly using 'hibernate.dialect' (remove the property setting and it will be selected by default)
2025-05-20T10:49:44.462+05:30  INFO 17504 --- [crm-service] [restartedMain] org.hibernate.orm.connections.pooling    : HHH10001005: Database info:
	Database JDBC URL [Connecting through datasource 'HikariDataSource (HikariPool-1)']
	Database driver: undefined/unknown
	Database version: 8.0.37
	Autocommit mode: undefined/unknown
	Isolation level: undefined/unknown
	Minimum pool size: undefined/unknown
	Maximum pool size: undefined/unknown
2025-05-20T10:49:45.783+05:30  INFO 17504 --- [crm-service] [restartedMain] o.h.e.t.j.p.i.JtaPlatformInitiator       : HHH000489: No JTA platform available (set 'hibernate.transaction.jta.platform' to enable JTA platform integration)
2025-05-20T10:49:46.087+05:30  INFO 17504 --- [crm-service] [restartedMain] j.LocalContainerEntityManagerFactoryBean : Initialized JPA EntityManagerFactory for persistence unit 'default'
2025-05-20T10:49:46.556+05:30  WARN 17504 --- [crm-service] [restartedMain] JpaBaseConfiguration$JpaWebConfiguration : spring.jpa.open-in-view is enabled by default. Therefore, database queries may be performed during view rendering. Explicitly configure spring.jpa.open-in-view to disable this warning
2025-05-20T10:49:47.531+05:30  WARN 17504 --- [crm-service] [restartedMain] o.s.b.d.a.OptionalLiveReloadServer       : Unable to start LiveReload server
2025-05-20T10:49:47.702+05:30  INFO 17504 --- [crm-service] [restartedMain] DiscoveryClientOptionalArgsConfiguration : Eureka HTTP Client uses RestTemplate.
2025-05-20T10:49:47.761+05:30  WARN 17504 --- [crm-service] [restartedMain] iguration$LoadBalancerCaffeineWarnLogger : Spring Cloud LoadBalancer is currently working with the default cache. While this cache implementation is useful for development and tests, it's recommended to use Caffeine cache in production.You can switch to using Caffeine cache, by adding it and org.springframework.cache.caffeine.CaffeineCacheManager to the classpath.
2025-05-20T10:49:47.769+05:30  INFO 17504 --- [crm-service] [restartedMain] o.s.b.a.e.web.EndpointLinksResolver      : Exposing 1 endpoint beneath base path '/actuator'
2025-05-20T10:49:47.849+05:30  INFO 17504 --- [crm-service] [restartedMain] o.s.c.n.eureka.InstanceInfoFactory       : Setting initial instance status as: STARTING
2025-05-20T10:49:47.880+05:30  INFO 17504 --- [crm-service] [restartedMain] com.netflix.discovery.DiscoveryClient    : Initializing Eureka in region us-east-1
2025-05-20T10:49:47.883+05:30  INFO 17504 --- [crm-service] [restartedMain] c.n.d.s.r.aws.ConfigClusterResolver      : Resolving eureka endpoints via configuration
2025-05-20T10:49:47.892+05:30  INFO 17504 --- [crm-service] [restartedMain] com.netflix.discovery.DiscoveryClient    : Disable delta property : false
2025-05-20T10:49:47.892+05:30  INFO 17504 --- [crm-service] [restartedMain] com.netflix.discovery.DiscoveryClient    : Single vip registry refresh property : null
2025-05-20T10:49:47.892+05:30  INFO 17504 --- [crm-service] [restartedMain] com.netflix.discovery.DiscoveryClient    : Force full registry fetch : false
2025-05-20T10:49:47.892+05:30  INFO 17504 --- [crm-service] [restartedMain] com.netflix.discovery.DiscoveryClient    : Application is null : false
2025-05-20T10:49:47.893+05:30  INFO 17504 --- [crm-service] [restartedMain] com.netflix.discovery.DiscoveryClient    : Registered Applications size is zero : true
2025-05-20T10:49:47.893+05:30  INFO 17504 --- [crm-service] [restartedMain] com.netflix.discovery.DiscoveryClient    : Application version is -1: true
2025-05-20T10:49:47.893+05:30  INFO 17504 --- [crm-service] [restartedMain] com.netflix.discovery.DiscoveryClient    : Getting all instance registry info from the eureka server
2025-05-20T10:49:48.208+05:30  INFO 17504 --- [crm-service] [restartedMain] com.netflix.discovery.DiscoveryClient    : The response status is 200
2025-05-20T10:49:48.209+05:30  INFO 17504 --- [crm-service] [restartedMain] com.netflix.discovery.DiscoveryClient    : Starting heartbeat executor: renew interval is: 30
2025-05-20T10:49:48.211+05:30  INFO 17504 --- [crm-service] [restartedMain] c.n.discovery.InstanceInfoReplicator     : InstanceInfoReplicator onDemand update allowed rate per min is 4
2025-05-20T10:49:48.212+05:30  INFO 17504 --- [crm-service] [restartedMain] com.netflix.discovery.DiscoveryClient    : Discovery Client initialized at timestamp 1747718388212 with initial instances count: 0
2025-05-20T10:49:48.218+05:30  INFO 17504 --- [crm-service] [restartedMain] o.s.c.n.e.s.EurekaServiceRegistry        : Registering application CRM-SERVICE with eureka with status UP
2025-05-20T10:49:48.219+05:30  INFO 17504 --- [crm-service] [restartedMain] com.netflix.discovery.DiscoveryClient    : Saw local status change event StatusChangeEvent [timestamp=1747718388219, current=UP, previous=STARTING]
2025-05-20T10:49:48.220+05:30  INFO 17504 --- [crm-service] [DiscoveryClient-InstanceInfoReplicator-%d] com.netflix.discovery.DiscoveryClient    : DiscoveryClient_CRM-SERVICE/LAPTOP-O45SQN13:crm-service:1111: registering service...
2025-05-20T10:49:48.243+05:30  INFO 17504 --- [crm-service] [restartedMain] o.s.b.w.embedded.tomcat.TomcatWebServer  : Tomcat started on port 1111 (http) with context path '/'
2025-05-20T10:49:48.244+05:30  INFO 17504 --- [crm-service] [restartedMain] .s.c.n.e.s.EurekaAutoServiceRegistration : Updating port to 1111
2025-05-20T10:49:48.264+05:30  INFO 17504 --- [crm-service] [DiscoveryClient-InstanceInfoReplicator-%d] com.netflix.discovery.DiscoveryClient    : DiscoveryClient_CRM-SERVICE/LAPTOP-O45SQN13:crm-service:1111 - registration status: 204
2025-05-20T10:49:48.402+05:30  INFO 17504 --- [crm-service] [restartedMain] com.app.ClmsCrmApiModuleApplication      : Started ClmsCrmApiModuleApplication in 8.21 seconds (process running for 8.998)
2025-05-20T10:49:48.501+05:30  INFO 17504 --- [crm-service] [RMI TCP Connection(4)-127.0.0.1] o.a.c.c.C.[Tomcat].[localhost].[/]       : Initializing Spring DispatcherServlet 'dispatcherServlet'
2025-05-20T10:49:48.502+05:30  INFO 17504 --- [crm-service] [RMI TCP Connection(4)-127.0.0.1] o.s.web.servlet.DispatcherServlet        : Initializing Servlet 'dispatcherServlet'
2025-05-20T10:49:48.503+05:30  INFO 17504 --- [crm-service] [RMI TCP Connection(4)-127.0.0.1] o.s.web.servlet.DispatcherServlet        : Completed initialization in 1 ms
2025-05-20T10:50:18.213+05:30  INFO 17504 --- [crm-service] [DiscoveryClient-CacheRefreshExecutor-%d] com.netflix.discovery.DiscoveryClient    : Disable delta property : false
2025-05-20T10:50:18.215+05:30  INFO 17504 --- [crm-service] [DiscoveryClient-CacheRefreshExecutor-%d] com.netflix.discovery.DiscoveryClient    : Single vip registry refresh property : null
2025-05-20T10:50:18.215+05:30  INFO 17504 --- [crm-service] [DiscoveryClient-CacheRefreshExecutor-%d] com.netflix.discovery.DiscoveryClient    : Force full registry fetch : false
2025-05-20T10:50:18.215+05:30  INFO 17504 --- [crm-service] [DiscoveryClient-CacheRefreshExecutor-%d] com.netflix.discovery.DiscoveryClient    : Application is null : false
2025-05-20T10:50:18.215+05:30  INFO 17504 --- [crm-service] [DiscoveryClient-CacheRefreshExecutor-%d] com.netflix.discovery.DiscoveryClient    : Registered Applications size is zero : true
2025-05-20T10:50:18.215+05:30  INFO 17504 --- [crm-service] [DiscoveryClient-CacheRefreshExecutor-%d] com.netflix.discovery.DiscoveryClient    : Application version is -1: false
2025-05-20T10:50:18.215+05:30  INFO 17504 --- [crm-service] [DiscoveryClient-CacheRefreshExecutor-%d] com.netflix.discovery.DiscoveryClient    : Getting all instance registry info from the eureka server
2025-05-20T10:50:18.237+05:30  INFO 17504 --- [crm-service] [DiscoveryClient-CacheRefreshExecutor-%d] com.netflix.discovery.DiscoveryClient    : The response status is 200
2025-05-20T10:54:47.909+05:30  INFO 17504 --- [crm-service] [AsyncResolver-bootstrap-executor-%d] c.n.d.s.r.aws.ConfigClusterResolver      : Resolving eureka endpoints via configuration
2025-05-20T10:59:47.925+05:30  INFO 17504 --- [crm-service] [AsyncResolver-bootstrap-executor-%d] c.n.d.s.r.aws.ConfigClusterResolver      : Resolving eureka endpoints via configuration
2025-05-20T11:04:06.970+05:30  INFO 17504 --- [crm-service] [File Watcher] rtingClassPathChangeChangedEventListener : Restarting due to 40 class path changes (0 additions, 4 deletions, 36 modifications)
2025-05-20T11:04:06.974+05:30  INFO 17504 --- [crm-service] [Thread-1] o.s.c.n.e.s.EurekaServiceRegistry        : Unregistering application CRM-SERVICE with eureka with status DOWN
2025-05-20T11:04:06.975+05:30  INFO 17504 --- [crm-service] [Thread-1] com.netflix.discovery.DiscoveryClient    : Saw local status change event StatusChangeEvent [timestamp=1747719246975, current=DOWN, previous=UP]
2025-05-20T11:04:06.975+05:30  INFO 17504 --- [crm-service] [DiscoveryClient-InstanceInfoReplicator-%d] com.netflix.discovery.DiscoveryClient    : DiscoveryClient_CRM-SERVICE/LAPTOP-O45SQN13:crm-service:1111: registering service...
2025-05-20T11:04:06.979+05:30  INFO 17504 --- [crm-service] [Thread-1] o.s.b.w.e.tomcat.GracefulShutdown        : Commencing graceful shutdown. Waiting for active requests to complete
2025-05-20T11:04:06.986+05:30  INFO 17504 --- [crm-service] [DiscoveryClient-InstanceInfoReplicator-%d] com.netflix.discovery.DiscoveryClient    : DiscoveryClient_CRM-SERVICE/LAPTOP-O45SQN13:crm-service:1111 - registration status: 204
2025-05-20T11:04:07.275+05:30  INFO 17504 --- [crm-service] [tomcat-shutdown] o.s.b.w.e.tomcat.GracefulShutdown        : Graceful shutdown complete
2025-05-20T11:04:07.300+05:30  INFO 17504 --- [crm-service] [Thread-1] j.LocalContainerEntityManagerFactoryBean : Closing JPA EntityManagerFactory for persistence unit 'default'
2025-05-20T11:04:07.305+05:30  INFO 17504 --- [crm-service] [Thread-1] com.zaxxer.hikari.HikariDataSource       : HikariPool-1 - Shutdown initiated...
2025-05-20T11:04:07.347+05:30  INFO 17504 --- [crm-service] [Thread-1] com.zaxxer.hikari.HikariDataSource       : HikariPool-1 - Shutdown completed.
2025-05-20T11:04:07.348+05:30  INFO 17504 --- [crm-service] [Thread-1] com.netflix.discovery.DiscoveryClient    : Shutting down DiscoveryClient ...
2025-05-20T11:04:10.363+05:30  INFO 17504 --- [crm-service] [Thread-1] com.netflix.discovery.DiscoveryClient    : Unregistering ...
2025-05-20T11:04:10.403+05:30  INFO 17504 --- [crm-service] [Thread-1] com.netflix.discovery.DiscoveryClient    : DiscoveryClient_CRM-SERVICE/LAPTOP-O45SQN13:crm-service:1111 - deregister  status: 200
2025-05-20T11:04:10.403+05:30  INFO 17504 --- [crm-service] [Thread-1] com.netflix.discovery.DiscoveryClient    : Completed shut down of DiscoveryClient
2025-05-20T11:04:10.704+05:30  INFO 17504 --- [crm-service] [restartedMain] com.app.ClmsCrmApiModuleApplication      : Starting ClmsCrmApiModuleApplication using Java 17.0.13 with PID 17504 (C:\Users\suraj\git\CarLoan_CRM\CLMS-CRM-API-Module\target\classes started by suraj in C:\Users\suraj\git\CarLoan_CRM\CLMS-CRM-API-Module)
2025-05-20T11:04:10.704+05:30  INFO 17504 --- [crm-service] [restartedMain] com.app.ClmsCrmApiModuleApplication      : No active profile set, falling back to 1 default profile: "default"
2025-05-20T11:04:11.130+05:30  INFO 17504 --- [crm-service] [restartedMain] .s.d.r.c.RepositoryConfigurationDelegate : Bootstrapping Spring Data JPA repositories in DEFAULT mode.
2025-05-20T11:04:11.141+05:30  INFO 17504 --- [crm-service] [restartedMain] .s.d.r.c.RepositoryConfigurationDelegate : Finished Spring Data repository scanning in 10 ms. Found 2 JPA repository interfaces.
2025-05-20T11:04:11.215+05:30  INFO 17504 --- [crm-service] [restartedMain] o.s.cloud.context.scope.GenericScope     : BeanFactory id=9e6e3fa3-3aa5-3155-a212-22ded5be9345
2025-05-20T11:04:11.345+05:30  INFO 17504 --- [crm-service] [restartedMain] o.s.b.w.embedded.tomcat.TomcatWebServer  : Tomcat initialized with port 1111 (http)
2025-05-20T11:04:11.346+05:30  INFO 17504 --- [crm-service] [restartedMain] o.apache.catalina.core.StandardService   : Starting service [Tomcat]
2025-05-20T11:04:11.346+05:30  INFO 17504 --- [crm-service] [restartedMain] o.apache.catalina.core.StandardEngine    : Starting Servlet engine: [Apache Tomcat/10.1.39]
2025-05-20T11:04:11.370+05:30  INFO 17504 --- [crm-service] [restartedMain] o.a.c.c.C.[Tomcat].[localhost].[/]       : Initializing Spring embedded WebApplicationContext
2025-05-20T11:04:11.370+05:30  INFO 17504 --- [crm-service] [restartedMain] w.s.c.ServletWebServerApplicationContext : Root WebApplicationContext: initialization completed in 664 ms
2025-05-20T11:04:11.507+05:30  INFO 17504 --- [crm-service] [restartedMain] o.hibernate.jpa.internal.util.LogHelper  : HHH000204: Processing PersistenceUnitInfo [name: default]
2025-05-20T11:04:11.510+05:30  INFO 17504 --- [crm-service] [restartedMain] o.h.c.internal.RegionFactoryInitiator    : HHH000026: Second-level cache disabled
2025-05-20T11:04:11.522+05:30  INFO 17504 --- [crm-service] [restartedMain] o.s.o.j.p.SpringPersistenceUnitInfo      : No LoadTimeWeaver setup: ignoring JPA class transformer
2025-05-20T11:04:11.523+05:30  INFO 17504 --- [crm-service] [restartedMain] com.zaxxer.hikari.HikariDataSource       : HikariPool-2 - Starting...
2025-05-20T11:04:11.623+05:30  INFO 17504 --- [crm-service] [restartedMain] com.zaxxer.hikari.pool.HikariPool        : HikariPool-2 - Added connection com.mysql.cj.jdbc.ConnectionImpl@1c5351da
2025-05-20T11:04:11.624+05:30  INFO 17504 --- [crm-service] [restartedMain] com.zaxxer.hikari.HikariDataSource       : HikariPool-2 - Start completed.
2025-05-20T11:04:11.628+05:30  WARN 17504 --- [crm-service] [restartedMain] org.hibernate.orm.deprecation            : HHH90000025: MySQLDialect does not need to be specified explicitly using 'hibernate.dialect' (remove the property setting and it will be selected by default)
2025-05-20T11:04:11.628+05:30  INFO 17504 --- [crm-service] [restartedMain] org.hibernate.orm.connections.pooling    : HHH10001005: Database info:
	Database JDBC URL [Connecting through datasource 'HikariDataSource (HikariPool-2)']
	Database driver: undefined/unknown
	Database version: 8.0.37
	Autocommit mode: undefined/unknown
	Isolation level: undefined/unknown
	Minimum pool size: undefined/unknown
	Maximum pool size: undefined/unknown
2025-05-20T11:04:11.853+05:30  INFO 17504 --- [crm-service] [restartedMain] o.h.e.t.j.p.i.JtaPlatformInitiator       : HHH000489: No JTA platform available (set 'hibernate.transaction.jta.platform' to enable JTA platform integration)
2025-05-20T11:04:11.992+05:30  INFO 17504 --- [crm-service] [restartedMain] j.LocalContainerEntityManagerFactoryBean : Initialized JPA EntityManagerFactory for persistence unit 'default'
2025-05-20T11:04:12.163+05:30  WARN 17504 --- [crm-service] [restartedMain] JpaBaseConfiguration$JpaWebConfiguration : spring.jpa.open-in-view is enabled by default. Therefore, database queries may be performed during view rendering. Explicitly configure spring.jpa.open-in-view to disable this warning
2025-05-20T11:04:12.739+05:30  WARN 17504 --- [crm-service] [restartedMain] o.s.b.d.a.OptionalLiveReloadServer       : Unable to start LiveReload server
2025-05-20T11:04:12.885+05:30  INFO 17504 --- [crm-service] [restartedMain] DiscoveryClientOptionalArgsConfiguration : Eureka HTTP Client uses RestTemplate.
2025-05-20T11:04:12.918+05:30  WARN 17504 --- [crm-service] [restartedMain] iguration$LoadBalancerCaffeineWarnLogger : Spring Cloud LoadBalancer is currently working with the default cache. While this cache implementation is useful for development and tests, it's recommended to use Caffeine cache in production.You can switch to using Caffeine cache, by adding it and org.springframework.cache.caffeine.CaffeineCacheManager to the classpath.
2025-05-20T11:04:12.923+05:30  INFO 17504 --- [crm-service] [restartedMain] o.s.b.a.e.web.EndpointLinksResolver      : Exposing 1 endpoint beneath base path '/actuator'
2025-05-20T11:04:12.969+05:30  INFO 17504 --- [crm-service] [restartedMain] o.s.c.n.eureka.InstanceInfoFactory       : Setting initial instance status as: STARTING
2025-05-20T11:04:12.972+05:30  INFO 17504 --- [crm-service] [restartedMain] com.netflix.discovery.DiscoveryClient    : Initializing Eureka in region us-east-1
2025-05-20T11:04:12.972+05:30  INFO 17504 --- [crm-service] [restartedMain] c.n.d.s.r.aws.ConfigClusterResolver      : Resolving eureka endpoints via configuration
2025-05-20T11:04:12.973+05:30  INFO 17504 --- [crm-service] [restartedMain] com.netflix.discovery.DiscoveryClient    : Disable delta property : false
2025-05-20T11:04:12.973+05:30  INFO 17504 --- [crm-service] [restartedMain] com.netflix.discovery.DiscoveryClient    : Single vip registry refresh property : null
2025-05-20T11:04:12.973+05:30  INFO 17504 --- [crm-service] [restartedMain] com.netflix.discovery.DiscoveryClient    : Force full registry fetch : false
2025-05-20T11:04:12.973+05:30  INFO 17504 --- [crm-service] [restartedMain] com.netflix.discovery.DiscoveryClient    : Application is null : false
2025-05-20T11:04:12.973+05:30  INFO 17504 --- [crm-service] [restartedMain] com.netflix.discovery.DiscoveryClient    : Registered Applications size is zero : true
2025-05-20T11:04:12.973+05:30  INFO 17504 --- [crm-service] [restartedMain] com.netflix.discovery.DiscoveryClient    : Application version is -1: true
2025-05-20T11:04:12.973+05:30  INFO 17504 --- [crm-service] [restartedMain] com.netflix.discovery.DiscoveryClient    : Getting all instance registry info from the eureka server
2025-05-20T11:04:13.003+05:30  INFO 17504 --- [crm-service] [restartedMain] com.netflix.discovery.DiscoveryClient    : The response status is 200
2025-05-20T11:04:13.003+05:30  INFO 17504 --- [crm-service] [restartedMain] com.netflix.discovery.DiscoveryClient    : Starting heartbeat executor: renew interval is: 30
2025-05-20T11:04:13.009+05:30  INFO 17504 --- [crm-service] [restartedMain] c.n.discovery.InstanceInfoReplicator     : InstanceInfoReplicator onDemand update allowed rate per min is 4
2025-05-20T11:04:13.009+05:30  INFO 17504 --- [crm-service] [restartedMain] com.netflix.discovery.DiscoveryClient    : Discovery Client initialized at timestamp 1747719253009 with initial instances count: 4
2025-05-20T11:04:13.018+05:30  INFO 17504 --- [crm-service] [restartedMain] o.s.c.n.e.s.EurekaServiceRegistry        : Registering application CRM-SERVICE with eureka with status UP
2025-05-20T11:04:13.018+05:30  INFO 17504 --- [crm-service] [restartedMain] com.netflix.discovery.DiscoveryClient    : Saw local status change event StatusChangeEvent [timestamp=1747719253018, current=UP, previous=STARTING]
2025-05-20T11:04:13.018+05:30  INFO 17504 --- [crm-service] [DiscoveryClient-InstanceInfoReplicator-%d] com.netflix.discovery.DiscoveryClient    : DiscoveryClient_CRM-SERVICE/LAPTOP-O45SQN13:crm-service:1111: registering service...
2025-05-20T11:04:13.022+05:30  INFO 17504 --- [crm-service] [restartedMain] o.s.b.w.embedded.tomcat.TomcatWebServer  : Tomcat started on port 1111 (http) with context path '/'
2025-05-20T11:04:13.023+05:30  INFO 17504 --- [crm-service] [restartedMain] .s.c.n.e.s.EurekaAutoServiceRegistration : Updating port to 1111
2025-05-20T11:04:13.031+05:30  INFO 17504 --- [crm-service] [DiscoveryClient-InstanceInfoReplicator-%d] com.netflix.discovery.DiscoveryClient    : DiscoveryClient_CRM-SERVICE/LAPTOP-O45SQN13:crm-service:1111 - registration status: 204
2025-05-20T11:04:13.181+05:30  INFO 17504 --- [crm-service] [restartedMain] com.app.ClmsCrmApiModuleApplication      : Started ClmsCrmApiModuleApplication in 2.661 seconds (process running for 873.777)
2025-05-20T11:04:13.184+05:30  INFO 17504 --- [crm-service] [restartedMain] .ConditionEvaluationDeltaLoggingListener : Condition evaluation unchanged
2025-05-20T11:04:14.174+05:30  INFO 17504 --- [crm-service] [File Watcher] rtingClassPathChangeChangedEventListener : Restarting due to 4 class path changes (4 additions, 0 deletions, 0 modifications)
2025-05-20T11:04:14.176+05:30  INFO 17504 --- [crm-service] [Thread-7] o.s.c.n.e.s.EurekaServiceRegistry        : Unregistering application CRM-SERVICE with eureka with status DOWN
2025-05-20T11:04:14.177+05:30  INFO 17504 --- [crm-service] [Thread-7] com.netflix.discovery.DiscoveryClient    : Saw local status change event StatusChangeEvent [timestamp=1747719254177, current=DOWN, previous=UP]
2025-05-20T11:04:14.177+05:30  INFO 17504 --- [crm-service] [DiscoveryClient-InstanceInfoReplicator-%d] com.netflix.discovery.DiscoveryClient    : DiscoveryClient_CRM-SERVICE/LAPTOP-O45SQN13:crm-service:1111: registering service...
2025-05-20T11:04:14.179+05:30  INFO 17504 --- [crm-service] [Thread-7] o.s.b.w.e.tomcat.GracefulShutdown        : Commencing graceful shutdown. Waiting for active requests to complete
2025-05-20T11:04:14.187+05:30  INFO 17504 --- [crm-service] [DiscoveryClient-InstanceInfoReplicator-%d] com.netflix.discovery.DiscoveryClient    : DiscoveryClient_CRM-SERVICE/LAPTOP-O45SQN13:crm-service:1111 - registration status: 204
2025-05-20T11:04:14.404+05:30  INFO 17504 --- [crm-service] [tomcat-shutdown] o.s.b.w.e.tomcat.GracefulShutdown        : Graceful shutdown complete
2025-05-20T11:04:14.408+05:30  INFO 17504 --- [crm-service] [Thread-7] j.LocalContainerEntityManagerFactoryBean : Closing JPA EntityManagerFactory for persistence unit 'default'
2025-05-20T11:04:14.408+05:30  INFO 17504 --- [crm-service] [Thread-7] com.zaxxer.hikari.HikariDataSource       : HikariPool-2 - Shutdown initiated...
2025-05-20T11:04:14.413+05:30  INFO 17504 --- [crm-service] [Thread-7] com.zaxxer.hikari.HikariDataSource       : HikariPool-2 - Shutdown completed.
2025-05-20T11:04:14.413+05:30  INFO 17504 --- [crm-service] [Thread-7] com.netflix.discovery.DiscoveryClient    : Shutting down DiscoveryClient ...
2025-05-20T11:04:17.425+05:30  INFO 17504 --- [crm-service] [Thread-7] com.netflix.discovery.DiscoveryClient    : Unregistering ...
2025-05-20T11:04:17.443+05:30  INFO 17504 --- [crm-service] [Thread-7] com.netflix.discovery.DiscoveryClient    : DiscoveryClient_CRM-SERVICE/LAPTOP-O45SQN13:crm-service:1111 - deregister  status: 200
2025-05-20T11:04:17.443+05:30  INFO 17504 --- [crm-service] [Thread-7] com.netflix.discovery.DiscoveryClient    : Completed shut down of DiscoveryClient
2025-05-20T11:04:17.668+05:30  INFO 17504 --- [crm-service] [restartedMain] com.app.ClmsCrmApiModuleApplication      : Starting ClmsCrmApiModuleApplication using Java 17.0.13 with PID 17504 (C:\Users\suraj\git\CarLoan_CRM\CLMS-CRM-API-Module\target\classes started by suraj in C:\Users\suraj\git\CarLoan_CRM\CLMS-CRM-API-Module)
2025-05-20T11:04:17.669+05:30  INFO 17504 --- [crm-service] [restartedMain] com.app.ClmsCrmApiModuleApplication      : No active profile set, falling back to 1 default profile: "default"
2025-05-20T11:04:18.075+05:30  INFO 17504 --- [crm-service] [restartedMain] .s.d.r.c.RepositoryConfigurationDelegate : Bootstrapping Spring Data JPA repositories in DEFAULT mode.
2025-05-20T11:04:18.089+05:30  INFO 17504 --- [crm-service] [restartedMain] .s.d.r.c.RepositoryConfigurationDelegate : Finished Spring Data repository scanning in 13 ms. Found 2 JPA repository interfaces.
2025-05-20T11:04:18.173+05:30  INFO 17504 --- [crm-service] [restartedMain] o.s.cloud.context.scope.GenericScope     : BeanFactory id=9e6e3fa3-3aa5-3155-a212-22ded5be9345
2025-05-20T11:04:18.290+05:30  INFO 17504 --- [crm-service] [restartedMain] o.s.b.w.embedded.tomcat.TomcatWebServer  : Tomcat initialized with port 1111 (http)
2025-05-20T11:04:18.291+05:30  INFO 17504 --- [crm-service] [restartedMain] o.apache.catalina.core.StandardService   : Starting service [Tomcat]
2025-05-20T11:04:18.291+05:30  INFO 17504 --- [crm-service] [restartedMain] o.apache.catalina.core.StandardEngine    : Starting Servlet engine: [Apache Tomcat/10.1.39]
2025-05-20T11:04:18.316+05:30  INFO 17504 --- [crm-service] [restartedMain] o.a.c.c.C.[Tomcat].[localhost].[/]       : Initializing Spring embedded WebApplicationContext
2025-05-20T11:04:18.316+05:30  INFO 17504 --- [crm-service] [restartedMain] w.s.c.ServletWebServerApplicationContext : Root WebApplicationContext: initialization completed in 646 ms
2025-05-20T11:04:18.425+05:30  INFO 17504 --- [crm-service] [restartedMain] o.hibernate.jpa.internal.util.LogHelper  : HHH000204: Processing PersistenceUnitInfo [name: default]
2025-05-20T11:04:18.427+05:30  INFO 17504 --- [crm-service] [restartedMain] o.h.c.internal.RegionFactoryInitiator    : HHH000026: Second-level cache disabled
2025-05-20T11:04:18.435+05:30  INFO 17504 --- [crm-service] [restartedMain] o.s.o.j.p.SpringPersistenceUnitInfo      : No LoadTimeWeaver setup: ignoring JPA class transformer
2025-05-20T11:04:18.436+05:30  INFO 17504 --- [crm-service] [restartedMain] com.zaxxer.hikari.HikariDataSource       : HikariPool-3 - Starting...
2025-05-20T11:04:18.445+05:30  INFO 17504 --- [crm-service] [restartedMain] com.zaxxer.hikari.pool.HikariPool        : HikariPool-3 - Added connection com.mysql.cj.jdbc.ConnectionImpl@43e855d3
2025-05-20T11:04:18.445+05:30  INFO 17504 --- [crm-service] [restartedMain] com.zaxxer.hikari.HikariDataSource       : HikariPool-3 - Start completed.
2025-05-20T11:04:18.447+05:30  WARN 17504 --- [crm-service] [restartedMain] org.hibernate.orm.deprecation            : HHH90000025: MySQLDialect does not need to be specified explicitly using 'hibernate.dialect' (remove the property setting and it will be selected by default)
2025-05-20T11:04:18.447+05:30  INFO 17504 --- [crm-service] [restartedMain] org.hibernate.orm.connections.pooling    : HHH10001005: Database info:
	Database JDBC URL [Connecting through datasource 'HikariDataSource (HikariPool-3)']
	Database driver: undefined/unknown
	Database version: 8.0.37
	Autocommit mode: undefined/unknown
	Isolation level: undefined/unknown
	Minimum pool size: undefined/unknown
	Maximum pool size: undefined/unknown
2025-05-20T11:04:18.634+05:30  INFO 17504 --- [crm-service] [restartedMain] o.h.e.t.j.p.i.JtaPlatformInitiator       : HHH000489: No JTA platform available (set 'hibernate.transaction.jta.platform' to enable JTA platform integration)
2025-05-20T11:04:18.716+05:30  INFO 17504 --- [crm-service] [restartedMain] j.LocalContainerEntityManagerFactoryBean : Initialized JPA EntityManagerFactory for persistence unit 'default'
2025-05-20T11:04:18.855+05:30  WARN 17504 --- [crm-service] [restartedMain] JpaBaseConfiguration$JpaWebConfiguration : spring.jpa.open-in-view is enabled by default. Therefore, database queries may be performed during view rendering. Explicitly configure spring.jpa.open-in-view to disable this warning
2025-05-20T11:04:19.528+05:30  WARN 17504 --- [crm-service] [restartedMain] o.s.b.d.a.OptionalLiveReloadServer       : Unable to start LiveReload server
2025-05-20T11:04:19.665+05:30  INFO 17504 --- [crm-service] [restartedMain] DiscoveryClientOptionalArgsConfiguration : Eureka HTTP Client uses RestTemplate.
2025-05-20T11:04:19.696+05:30  WARN 17504 --- [crm-service] [restartedMain] iguration$LoadBalancerCaffeineWarnLogger : Spring Cloud LoadBalancer is currently working with the default cache. While this cache implementation is useful for development and tests, it's recommended to use Caffeine cache in production.You can switch to using Caffeine cache, by adding it and org.springframework.cache.caffeine.CaffeineCacheManager to the classpath.
2025-05-20T11:04:19.703+05:30  INFO 17504 --- [crm-service] [restartedMain] o.s.b.a.e.web.EndpointLinksResolver      : Exposing 1 endpoint beneath base path '/actuator'
2025-05-20T11:04:19.747+05:30  INFO 17504 --- [crm-service] [restartedMain] o.s.c.n.eureka.InstanceInfoFactory       : Setting initial instance status as: STARTING
2025-05-20T11:04:19.750+05:30  INFO 17504 --- [crm-service] [restartedMain] com.netflix.discovery.DiscoveryClient    : Initializing Eureka in region us-east-1
2025-05-20T11:04:19.750+05:30  INFO 17504 --- [crm-service] [restartedMain] c.n.d.s.r.aws.ConfigClusterResolver      : Resolving eureka endpoints via configuration
2025-05-20T11:04:19.751+05:30  INFO 17504 --- [crm-service] [restartedMain] com.netflix.discovery.DiscoveryClient    : Disable delta property : false
2025-05-20T11:04:19.751+05:30  INFO 17504 --- [crm-service] [restartedMain] com.netflix.discovery.DiscoveryClient    : Single vip registry refresh property : null
2025-05-20T11:04:19.751+05:30  INFO 17504 --- [crm-service] [restartedMain] com.netflix.discovery.DiscoveryClient    : Force full registry fetch : false
2025-05-20T11:04:19.751+05:30  INFO 17504 --- [crm-service] [restartedMain] com.netflix.discovery.DiscoveryClient    : Application is null : false
2025-05-20T11:04:19.751+05:30  INFO 17504 --- [crm-service] [restartedMain] com.netflix.discovery.DiscoveryClient    : Registered Applications size is zero : true
2025-05-20T11:04:19.751+05:30  INFO 17504 --- [crm-service] [restartedMain] com.netflix.discovery.DiscoveryClient    : Application version is -1: true
2025-05-20T11:04:19.751+05:30  INFO 17504 --- [crm-service] [restartedMain] com.netflix.discovery.DiscoveryClient    : Getting all instance registry info from the eureka server
2025-05-20T11:04:19.772+05:30  INFO 17504 --- [crm-service] [restartedMain] com.netflix.discovery.DiscoveryClient    : The response status is 200
2025-05-20T11:04:19.773+05:30  INFO 17504 --- [crm-service] [restartedMain] com.netflix.discovery.DiscoveryClient    : Starting heartbeat executor: renew interval is: 30
2025-05-20T11:04:19.773+05:30  INFO 17504 --- [crm-service] [restartedMain] c.n.discovery.InstanceInfoReplicator     : InstanceInfoReplicator onDemand update allowed rate per min is 4
2025-05-20T11:04:19.774+05:30  INFO 17504 --- [crm-service] [restartedMain] com.netflix.discovery.DiscoveryClient    : Discovery Client initialized at timestamp 1747719259774 with initial instances count: 4
2025-05-20T11:04:19.777+05:30  INFO 17504 --- [crm-service] [restartedMain] o.s.c.n.e.s.EurekaServiceRegistry        : Registering application CRM-SERVICE with eureka with status UP
2025-05-20T11:04:19.777+05:30  INFO 17504 --- [crm-service] [restartedMain] com.netflix.discovery.DiscoveryClient    : Saw local status change event StatusChangeEvent [timestamp=1747719259777, current=UP, previous=STARTING]
2025-05-20T11:04:19.777+05:30  INFO 17504 --- [crm-service] [DiscoveryClient-InstanceInfoReplicator-%d] com.netflix.discovery.DiscoveryClient    : DiscoveryClient_CRM-SERVICE/LAPTOP-O45SQN13:crm-service:1111: registering service...
2025-05-20T11:04:19.780+05:30  INFO 17504 --- [crm-service] [restartedMain] o.s.b.w.embedded.tomcat.TomcatWebServer  : Tomcat started on port 1111 (http) with context path '/'
2025-05-20T11:04:19.780+05:30  INFO 17504 --- [crm-service] [restartedMain] .s.c.n.e.s.EurekaAutoServiceRegistration : Updating port to 1111
2025-05-20T11:04:19.790+05:30  INFO 17504 --- [crm-service] [DiscoveryClient-InstanceInfoReplicator-%d] com.netflix.discovery.DiscoveryClient    : DiscoveryClient_CRM-SERVICE/LAPTOP-O45SQN13:crm-service:1111 - registration status: 204
2025-05-20T11:04:19.919+05:30  INFO 17504 --- [crm-service] [restartedMain] com.app.ClmsCrmApiModuleApplication      : Started ClmsCrmApiModuleApplication in 2.407 seconds (process running for 880.515)
2025-05-20T11:04:19.921+05:30  INFO 17504 --- [crm-service] [restartedMain] .ConditionEvaluationDeltaLoggingListener : Condition evaluation unchanged
2025-05-20T11:05:16.591+05:30  INFO 17504 --- [crm-service] [File Watcher] rtingClassPathChangeChangedEventListener : Restarting due to 1 class path change (0 additions, 0 deletions, 1 modification)
2025-05-20T11:05:16.592+05:30  INFO 17504 --- [crm-service] [Thread-13] o.s.c.n.e.s.EurekaServiceRegistry        : Unregistering application CRM-SERVICE with eureka with status DOWN
2025-05-20T11:05:16.593+05:30  INFO 17504 --- [crm-service] [Thread-13] com.netflix.discovery.DiscoveryClient    : Saw local status change event StatusChangeEvent [timestamp=1747719316593, current=DOWN, previous=UP]
2025-05-20T11:05:16.593+05:30  INFO 17504 --- [crm-service] [DiscoveryClient-InstanceInfoReplicator-%d] com.netflix.discovery.DiscoveryClient    : DiscoveryClient_CRM-SERVICE/LAPTOP-O45SQN13:crm-service:1111: registering service...
2025-05-20T11:05:16.595+05:30  INFO 17504 --- [crm-service] [Thread-13] o.s.b.w.e.tomcat.GracefulShutdown        : Commencing graceful shutdown. Waiting for active requests to complete
2025-05-20T11:05:16.605+05:30  INFO 17504 --- [crm-service] [DiscoveryClient-InstanceInfoReplicator-%d] com.netflix.discovery.DiscoveryClient    : DiscoveryClient_CRM-SERVICE/LAPTOP-O45SQN13:crm-service:1111 - registration status: 204
2025-05-20T11:05:16.830+05:30  INFO 17504 --- [crm-service] [tomcat-shutdown] o.s.b.w.e.tomcat.GracefulShutdown        : Graceful shutdown complete
2025-05-20T11:05:16.832+05:30  INFO 17504 --- [crm-service] [Thread-13] j.LocalContainerEntityManagerFactoryBean : Closing JPA EntityManagerFactory for persistence unit 'default'
2025-05-20T11:05:16.833+05:30  INFO 17504 --- [crm-service] [Thread-13] com.zaxxer.hikari.HikariDataSource       : HikariPool-3 - Shutdown initiated...
2025-05-20T11:05:16.836+05:30  INFO 17504 --- [crm-service] [Thread-13] com.zaxxer.hikari.HikariDataSource       : HikariPool-3 - Shutdown completed.
2025-05-20T11:05:16.836+05:30  INFO 17504 --- [crm-service] [Thread-13] com.netflix.discovery.DiscoveryClient    : Shutting down DiscoveryClient ...
2025-05-20T11:05:19.850+05:30  INFO 17504 --- [crm-service] [Thread-13] com.netflix.discovery.DiscoveryClient    : Unregistering ...
2025-05-20T11:05:19.850+05:30  WARN 17504 --- [crm-service] [DiscoveryClient-%d] c.netflix.discovery.TimedSupervisorTask  : task supervisor shutting down, can't accept the task
2025-05-20T11:05:19.854+05:30  INFO 17504 --- [crm-service] [Thread-13] com.netflix.discovery.DiscoveryClient    : DiscoveryClient_CRM-SERVICE/LAPTOP-O45SQN13:crm-service:1111 - deregister  status: 200
2025-05-20T11:05:19.854+05:30  INFO 17504 --- [crm-service] [Thread-13] com.netflix.discovery.DiscoveryClient    : Completed shut down of DiscoveryClient
2025-05-20T11:05:20.067+05:30  INFO 17504 --- [crm-service] [restartedMain] com.app.ClmsCrmApiModuleApplication      : Starting ClmsCrmApiModuleApplication using Java 17.0.13 with PID 17504 (C:\Users\suraj\git\CarLoan_CRM\CLMS-CRM-API-Module\target\classes started by suraj in C:\Users\suraj\git\CarLoan_CRM\CLMS-CRM-API-Module)
2025-05-20T11:05:20.067+05:30  INFO 17504 --- [crm-service] [restartedMain] com.app.ClmsCrmApiModuleApplication      : No active profile set, falling back to 1 default profile: "default"
2025-05-20T11:05:20.334+05:30  INFO 17504 --- [crm-service] [restartedMain] .s.d.r.c.RepositoryConfigurationDelegate : Bootstrapping Spring Data JPA repositories in DEFAULT mode.
2025-05-20T11:05:20.345+05:30  INFO 17504 --- [crm-service] [restartedMain] .s.d.r.c.RepositoryConfigurationDelegate : Finished Spring Data repository scanning in 10 ms. Found 2 JPA repository interfaces.
2025-05-20T11:05:20.412+05:30  INFO 17504 --- [crm-service] [restartedMain] o.s.cloud.context.scope.GenericScope     : BeanFactory id=9e6e3fa3-3aa5-3155-a212-22ded5be9345
2025-05-20T11:05:20.529+05:30  INFO 17504 --- [crm-service] [restartedMain] o.s.b.w.embedded.tomcat.TomcatWebServer  : Tomcat initialized with port 1111 (http)
2025-05-20T11:05:20.529+05:30  INFO 17504 --- [crm-service] [restartedMain] o.apache.catalina.core.StandardService   : Starting service [Tomcat]
2025-05-20T11:05:20.529+05:30  INFO 17504 --- [crm-service] [restartedMain] o.apache.catalina.core.StandardEngine    : Starting Servlet engine: [Apache Tomcat/10.1.39]
2025-05-20T11:05:20.551+05:30  INFO 17504 --- [crm-service] [restartedMain] o.a.c.c.C.[Tomcat].[localhost].[/]       : Initializing Spring embedded WebApplicationContext
2025-05-20T11:05:20.551+05:30  INFO 17504 --- [crm-service] [restartedMain] w.s.c.ServletWebServerApplicationContext : Root WebApplicationContext: initialization completed in 483 ms
2025-05-20T11:05:20.669+05:30  INFO 17504 --- [crm-service] [restartedMain] o.hibernate.jpa.internal.util.LogHelper  : HHH000204: Processing PersistenceUnitInfo [name: default]
2025-05-20T11:05:20.671+05:30  INFO 17504 --- [crm-service] [restartedMain] o.h.c.internal.RegionFactoryInitiator    : HHH000026: Second-level cache disabled
2025-05-20T11:05:20.679+05:30  INFO 17504 --- [crm-service] [restartedMain] o.s.o.j.p.SpringPersistenceUnitInfo      : No LoadTimeWeaver setup: ignoring JPA class transformer
2025-05-20T11:05:20.679+05:30  INFO 17504 --- [crm-service] [restartedMain] com.zaxxer.hikari.HikariDataSource       : HikariPool-4 - Starting...
2025-05-20T11:05:20.690+05:30  INFO 17504 --- [crm-service] [restartedMain] com.zaxxer.hikari.pool.HikariPool        : HikariPool-4 - Added connection com.mysql.cj.jdbc.ConnectionImpl@4afc8182
2025-05-20T11:05:20.690+05:30  INFO 17504 --- [crm-service] [restartedMain] com.zaxxer.hikari.HikariDataSource       : HikariPool-4 - Start completed.
2025-05-20T11:05:20.691+05:30  WARN 17504 --- [crm-service] [restartedMain] org.hibernate.orm.deprecation            : HHH90000025: MySQLDialect does not need to be specified explicitly using 'hibernate.dialect' (remove the property setting and it will be selected by default)
2025-05-20T11:05:20.691+05:30  INFO 17504 --- [crm-service] [restartedMain] org.hibernate.orm.connections.pooling    : HHH10001005: Database info:
	Database JDBC URL [Connecting through datasource 'HikariDataSource (HikariPool-4)']
	Database driver: undefined/unknown
	Database version: 8.0.37
	Autocommit mode: undefined/unknown
	Isolation level: undefined/unknown
	Minimum pool size: undefined/unknown
	Maximum pool size: undefined/unknown
2025-05-20T11:05:20.872+05:30  INFO 17504 --- [crm-service] [restartedMain] o.h.e.t.j.p.i.JtaPlatformInitiator       : HHH000489: No JTA platform available (set 'hibernate.transaction.jta.platform' to enable JTA platform integration)
2025-05-20T11:05:20.935+05:30  INFO 17504 --- [crm-service] [restartedMain] j.LocalContainerEntityManagerFactoryBean : Initialized JPA EntityManagerFactory for persistence unit 'default'
2025-05-20T11:05:21.079+05:30  WARN 17504 --- [crm-service] [restartedMain] JpaBaseConfiguration$JpaWebConfiguration : spring.jpa.open-in-view is enabled by default. Therefore, database queries may be performed during view rendering. Explicitly configure spring.jpa.open-in-view to disable this warning
2025-05-20T11:05:21.543+05:30  WARN 17504 --- [crm-service] [restartedMain] o.s.b.d.a.OptionalLiveReloadServer       : Unable to start LiveReload server
2025-05-20T11:05:21.680+05:30  INFO 17504 --- [crm-service] [restartedMain] DiscoveryClientOptionalArgsConfiguration : Eureka HTTP Client uses RestTemplate.
2025-05-20T11:05:21.707+05:30  WARN 17504 --- [crm-service] [restartedMain] iguration$LoadBalancerCaffeineWarnLogger : Spring Cloud LoadBalancer is currently working with the default cache. While this cache implementation is useful for development and tests, it's recommended to use Caffeine cache in production.You can switch to using Caffeine cache, by adding it and org.springframework.cache.caffeine.CaffeineCacheManager to the classpath.
2025-05-20T11:05:21.714+05:30  INFO 17504 --- [crm-service] [restartedMain] o.s.b.a.e.web.EndpointLinksResolver      : Exposing 1 endpoint beneath base path '/actuator'
2025-05-20T11:05:21.743+05:30  INFO 17504 --- [crm-service] [restartedMain] o.s.c.n.eureka.InstanceInfoFactory       : Setting initial instance status as: STARTING
2025-05-20T11:05:21.746+05:30  INFO 17504 --- [crm-service] [restartedMain] com.netflix.discovery.DiscoveryClient    : Initializing Eureka in region us-east-1
2025-05-20T11:05:21.747+05:30  INFO 17504 --- [crm-service] [restartedMain] c.n.d.s.r.aws.ConfigClusterResolver      : Resolving eureka endpoints via configuration
2025-05-20T11:05:21.747+05:30  INFO 17504 --- [crm-service] [restartedMain] com.netflix.discovery.DiscoveryClient    : Disable delta property : false
2025-05-20T11:05:21.747+05:30  INFO 17504 --- [crm-service] [restartedMain] com.netflix.discovery.DiscoveryClient    : Single vip registry refresh property : null
2025-05-20T11:05:21.747+05:30  INFO 17504 --- [crm-service] [restartedMain] com.netflix.discovery.DiscoveryClient    : Force full registry fetch : false
2025-05-20T11:05:21.747+05:30  INFO 17504 --- [crm-service] [restartedMain] com.netflix.discovery.DiscoveryClient    : Application is null : false
2025-05-20T11:05:21.747+05:30  INFO 17504 --- [crm-service] [restartedMain] com.netflix.discovery.DiscoveryClient    : Registered Applications size is zero : true
2025-05-20T11:05:21.747+05:30  INFO 17504 --- [crm-service] [restartedMain] com.netflix.discovery.DiscoveryClient    : Application version is -1: true
2025-05-20T11:05:21.747+05:30  INFO 17504 --- [crm-service] [restartedMain] com.netflix.discovery.DiscoveryClient    : Getting all instance registry info from the eureka server
2025-05-20T11:05:21.779+05:30  INFO 17504 --- [crm-service] [restartedMain] com.netflix.discovery.DiscoveryClient    : The response status is 200
2025-05-20T11:05:21.779+05:30  INFO 17504 --- [crm-service] [restartedMain] com.netflix.discovery.DiscoveryClient    : Starting heartbeat executor: renew interval is: 30
2025-05-20T11:05:21.780+05:30  INFO 17504 --- [crm-service] [restartedMain] c.n.discovery.InstanceInfoReplicator     : InstanceInfoReplicator onDemand update allowed rate per min is 4
2025-05-20T11:05:21.780+05:30  INFO 17504 --- [crm-service] [restartedMain] com.netflix.discovery.DiscoveryClient    : Discovery Client initialized at timestamp 1747719321780 with initial instances count: 4
2025-05-20T11:05:21.787+05:30  INFO 17504 --- [crm-service] [restartedMain] o.s.c.n.e.s.EurekaServiceRegistry        : Registering application CRM-SERVICE with eureka with status UP
2025-05-20T11:05:21.787+05:30  INFO 17504 --- [crm-service] [restartedMain] com.netflix.discovery.DiscoveryClient    : Saw local status change event StatusChangeEvent [timestamp=1747719321787, current=UP, previous=STARTING]
2025-05-20T11:05:21.788+05:30  INFO 17504 --- [crm-service] [DiscoveryClient-InstanceInfoReplicator-%d] com.netflix.discovery.DiscoveryClient    : DiscoveryClient_CRM-SERVICE/LAPTOP-O45SQN13:crm-service:1111: registering service...
2025-05-20T11:05:21.792+05:30  INFO 17504 --- [crm-service] [restartedMain] o.s.b.w.embedded.tomcat.TomcatWebServer  : Tomcat started on port 1111 (http) with context path '/'
2025-05-20T11:05:21.793+05:30  INFO 17504 --- [crm-service] [restartedMain] .s.c.n.e.s.EurekaAutoServiceRegistration : Updating port to 1111
2025-05-20T11:05:21.801+05:30  INFO 17504 --- [crm-service] [DiscoveryClient-InstanceInfoReplicator-%d] com.netflix.discovery.DiscoveryClient    : DiscoveryClient_CRM-SERVICE/LAPTOP-O45SQN13:crm-service:1111 - registration status: 204
2025-05-20T11:05:21.935+05:30  INFO 17504 --- [crm-service] [restartedMain] com.app.ClmsCrmApiModuleApplication      : Started ClmsCrmApiModuleApplication in 2.026 seconds (process running for 942.531)
2025-05-20T11:05:21.937+05:30  INFO 17504 --- [crm-service] [restartedMain] .ConditionEvaluationDeltaLoggingListener : Condition evaluation unchanged
2025-05-20T11:10:21.760+05:30  INFO 17504 --- [crm-service] [AsyncResolver-bootstrap-executor-%d] c.n.d.s.r.aws.ConfigClusterResolver      : Resolving eureka endpoints via configuration
2025-05-20T11:14:30.030+05:30  INFO 17504 --- [crm-service] [http-nio-1111-exec-1] o.a.c.c.C.[Tomcat].[localhost].[/]       : Initializing Spring DispatcherServlet 'dispatcherServlet'
2025-05-20T11:14:30.031+05:30  INFO 17504 --- [crm-service] [http-nio-1111-exec-1] o.s.web.servlet.DispatcherServlet        : Initializing Servlet 'dispatcherServlet'
2025-05-20T11:14:30.032+05:30  INFO 17504 --- [crm-service] [http-nio-1111-exec-1] o.s.web.servlet.DispatcherServlet        : Completed initialization in 1 ms
2025-05-20T11:14:30.051+05:30  INFO 17504 --- [crm-service] [http-nio-1111-exec-1] com.app.controller.EnquiryController     : Enquiry Controller post mapping called...!
2025-05-20T11:14:30.239+05:30  INFO 17504 --- [crm-service] [http-nio-1111-exec-1] com.app.serviceimpl.EnquiryServiceImpl   : Enquiry has been saved successfully and Enquiry id is : 10
2025-05-20T11:14:34.022+05:30  INFO 17504 --- [crm-service] [http-nio-1111-exec-1] com.app.serviceimpl.EnquiryServiceImpl   : Mail has been sent to registered Email id : ingolesp100@gmail.com
2025-05-20T11:15:21.763+05:30  INFO 17504 --- [crm-service] [AsyncResolver-bootstrap-executor-%d] c.n.d.s.r.aws.ConfigClusterResolver      : Resolving eureka endpoints via configuration
2025-05-20T11:15:23.047+05:30  INFO 17504 --- [crm-service] [http-nio-1111-exec-2] com.app.controller.EnquiryController     : Enquiry Controller post mapping called...!
2025-05-20T11:15:23.064+05:30  INFO 17504 --- [crm-service] [http-nio-1111-exec-2] com.app.serviceimpl.EnquiryServiceImpl   : Enquiry has been saved successfully and Enquiry id is : 11
2025-05-20T11:15:26.573+05:30  INFO 17504 --- [crm-service] [http-nio-1111-exec-2] com.app.serviceimpl.EnquiryServiceImpl   : Mail has been sent to registered Email id : ingolesp100@gmail.com
2025-05-20T11:18:39.132+05:30  INFO 17504 --- [crm-service] [File Watcher] rtingClassPathChangeChangedEventListener : Restarting due to 1 class path change (0 additions, 0 deletions, 1 modification)
2025-05-20T11:18:39.135+05:30  INFO 17504 --- [crm-service] [Thread-19] o.s.c.n.e.s.EurekaServiceRegistry        : Unregistering application CRM-SERVICE with eureka with status DOWN
2025-05-20T11:18:39.135+05:30  INFO 17504 --- [crm-service] [Thread-19] com.netflix.discovery.DiscoveryClient    : Saw local status change event StatusChangeEvent [timestamp=1747720119135, current=DOWN, previous=UP]
2025-05-20T11:18:39.135+05:30  INFO 17504 --- [crm-service] [DiscoveryClient-InstanceInfoReplicator-%d] com.netflix.discovery.DiscoveryClient    : DiscoveryClient_CRM-SERVICE/LAPTOP-O45SQN13:crm-service:1111: registering service...
2025-05-20T11:18:39.136+05:30  INFO 17504 --- [crm-service] [Thread-19] o.s.b.w.e.tomcat.GracefulShutdown        : Commencing graceful shutdown. Waiting for active requests to complete
2025-05-20T11:18:39.147+05:30  INFO 17504 --- [crm-service] [DiscoveryClient-InstanceInfoReplicator-%d] com.netflix.discovery.DiscoveryClient    : DiscoveryClient_CRM-SERVICE/LAPTOP-O45SQN13:crm-service:1111 - registration status: 204
2025-05-20T11:18:39.383+05:30  INFO 17504 --- [crm-service] [tomcat-shutdown] o.s.b.w.e.tomcat.GracefulShutdown        : Graceful shutdown complete
2025-05-20T11:18:39.387+05:30  INFO 17504 --- [crm-service] [Thread-19] j.LocalContainerEntityManagerFactoryBean : Closing JPA EntityManagerFactory for persistence unit 'default'
2025-05-20T11:18:39.389+05:30  INFO 17504 --- [crm-service] [Thread-19] com.zaxxer.hikari.HikariDataSource       : HikariPool-4 - Shutdown initiated...
2025-05-20T11:18:39.396+05:30  INFO 17504 --- [crm-service] [Thread-19] com.zaxxer.hikari.HikariDataSource       : HikariPool-4 - Shutdown completed.
2025-05-20T11:18:39.397+05:30  INFO 17504 --- [crm-service] [Thread-19] com.netflix.discovery.DiscoveryClient    : Shutting down DiscoveryClient ...
2025-05-20T11:18:42.401+05:30  INFO 17504 --- [crm-service] [Thread-19] com.netflix.discovery.DiscoveryClient    : Unregistering ...
2025-05-20T11:18:42.420+05:30  INFO 17504 --- [crm-service] [Thread-19] com.netflix.discovery.DiscoveryClient    : DiscoveryClient_CRM-SERVICE/LAPTOP-O45SQN13:crm-service:1111 - deregister  status: 200
2025-05-20T11:18:42.420+05:30  INFO 17504 --- [crm-service] [Thread-19] com.netflix.discovery.DiscoveryClient    : Completed shut down of DiscoveryClient
2025-05-20T11:18:42.666+05:30  INFO 17504 --- [crm-service] [restartedMain] com.app.ClmsCrmApiModuleApplication      : Starting ClmsCrmApiModuleApplication using Java 17.0.13 with PID 17504 (C:\Users\suraj\git\CarLoan_CRM\CLMS-CRM-API-Module\target\classes started by suraj in C:\Users\suraj\git\CarLoan_CRM\CLMS-CRM-API-Module)
2025-05-20T11:18:42.666+05:30  INFO 17504 --- [crm-service] [restartedMain] com.app.ClmsCrmApiModuleApplication      : No active profile set, falling back to 1 default profile: "default"
2025-05-20T11:18:43.103+05:30  INFO 17504 --- [crm-service] [restartedMain] .s.d.r.c.RepositoryConfigurationDelegate : Bootstrapping Spring Data JPA repositories in DEFAULT mode.
2025-05-20T11:18:43.115+05:30  INFO 17504 --- [crm-service] [restartedMain] .s.d.r.c.RepositoryConfigurationDelegate : Finished Spring Data repository scanning in 10 ms. Found 2 JPA repository interfaces.
2025-05-20T11:18:43.183+05:30  INFO 17504 --- [crm-service] [restartedMain] o.s.cloud.context.scope.GenericScope     : BeanFactory id=9e6e3fa3-3aa5-3155-a212-22ded5be9345
2025-05-20T11:18:43.313+05:30  INFO 17504 --- [crm-service] [restartedMain] o.s.b.w.embedded.tomcat.TomcatWebServer  : Tomcat initialized with port 1111 (http)
2025-05-20T11:18:43.313+05:30  INFO 17504 --- [crm-service] [restartedMain] o.apache.catalina.core.StandardService   : Starting service [Tomcat]
2025-05-20T11:18:43.313+05:30  INFO 17504 --- [crm-service] [restartedMain] o.apache.catalina.core.StandardEngine    : Starting Servlet engine: [Apache Tomcat/10.1.39]
2025-05-20T11:18:43.398+05:30  INFO 17504 --- [crm-service] [restartedMain] o.a.c.c.C.[Tomcat].[localhost].[/]       : Initializing Spring embedded WebApplicationContext
2025-05-20T11:18:43.399+05:30  INFO 17504 --- [crm-service] [restartedMain] w.s.c.ServletWebServerApplicationContext : Root WebApplicationContext: initialization completed in 731 ms
2025-05-20T11:18:43.523+05:30  INFO 17504 --- [crm-service] [restartedMain] o.hibernate.jpa.internal.util.LogHelper  : HHH000204: Processing PersistenceUnitInfo [name: default]
2025-05-20T11:18:43.526+05:30  INFO 17504 --- [crm-service] [restartedMain] o.h.c.internal.RegionFactoryInitiator    : HHH000026: Second-level cache disabled
2025-05-20T11:18:43.551+05:30  INFO 17504 --- [crm-service] [restartedMain] o.s.o.j.p.SpringPersistenceUnitInfo      : No LoadTimeWeaver setup: ignoring JPA class transformer
2025-05-20T11:18:43.552+05:30  INFO 17504 --- [crm-service] [restartedMain] com.zaxxer.hikari.HikariDataSource       : HikariPool-5 - Starting...
2025-05-20T11:18:43.589+05:30  INFO 17504 --- [crm-service] [restartedMain] com.zaxxer.hikari.pool.HikariPool        : HikariPool-5 - Added connection com.mysql.cj.jdbc.ConnectionImpl@52809c48
2025-05-20T11:18:43.590+05:30  INFO 17504 --- [crm-service] [restartedMain] com.zaxxer.hikari.HikariDataSource       : HikariPool-5 - Start completed.
2025-05-20T11:18:43.590+05:30  WARN 17504 --- [crm-service] [restartedMain] org.hibernate.orm.deprecation            : HHH90000025: MySQLDialect does not need to be specified explicitly using 'hibernate.dialect' (remove the property setting and it will be selected by default)
2025-05-20T11:18:43.591+05:30  INFO 17504 --- [crm-service] [restartedMain] org.hibernate.orm.connections.pooling    : HHH10001005: Database info:
	Database JDBC URL [Connecting through datasource 'HikariDataSource (HikariPool-5)']
	Database driver: undefined/unknown
	Database version: 8.0.37
	Autocommit mode: undefined/unknown
	Isolation level: undefined/unknown
	Minimum pool size: undefined/unknown
	Maximum pool size: undefined/unknown
2025-05-20T11:18:43.754+05:30  INFO 17504 --- [crm-service] [restartedMain] o.h.e.t.j.p.i.JtaPlatformInitiator       : HHH000489: No JTA platform available (set 'hibernate.transaction.jta.platform' to enable JTA platform integration)
2025-05-20T11:18:43.822+05:30  INFO 17504 --- [crm-service] [restartedMain] j.LocalContainerEntityManagerFactoryBean : Initialized JPA EntityManagerFactory for persistence unit 'default'
2025-05-20T11:18:43.953+05:30  WARN 17504 --- [crm-service] [restartedMain] JpaBaseConfiguration$JpaWebConfiguration : spring.jpa.open-in-view is enabled by default. Therefore, database queries may be performed during view rendering. Explicitly configure spring.jpa.open-in-view to disable this warning
2025-05-20T11:18:44.427+05:30  WARN 17504 --- [crm-service] [restartedMain] o.s.b.d.a.OptionalLiveReloadServer       : Unable to start LiveReload server
2025-05-20T11:18:44.561+05:30  INFO 17504 --- [crm-service] [restartedMain] DiscoveryClientOptionalArgsConfiguration : Eureka HTTP Client uses RestTemplate.
2025-05-20T11:18:44.595+05:30  WARN 17504 --- [crm-service] [restartedMain] iguration$LoadBalancerCaffeineWarnLogger : Spring Cloud LoadBalancer is currently working with the default cache. While this cache implementation is useful for development and tests, it's recommended to use Caffeine cache in production.You can switch to using Caffeine cache, by adding it and org.springframework.cache.caffeine.CaffeineCacheManager to the classpath.
2025-05-20T11:18:44.600+05:30  INFO 17504 --- [crm-service] [restartedMain] o.s.b.a.e.web.EndpointLinksResolver      : Exposing 1 endpoint beneath base path '/actuator'
2025-05-20T11:18:44.633+05:30  INFO 17504 --- [crm-service] [restartedMain] o.s.c.n.eureka.InstanceInfoFactory       : Setting initial instance status as: STARTING
2025-05-20T11:18:44.636+05:30  INFO 17504 --- [crm-service] [restartedMain] com.netflix.discovery.DiscoveryClient    : Initializing Eureka in region us-east-1
2025-05-20T11:18:44.636+05:30  INFO 17504 --- [crm-service] [restartedMain] c.n.d.s.r.aws.ConfigClusterResolver      : Resolving eureka endpoints via configuration
2025-05-20T11:18:44.636+05:30  INFO 17504 --- [crm-service] [restartedMain] com.netflix.discovery.DiscoveryClient    : Disable delta property : false
2025-05-20T11:18:44.636+05:30  INFO 17504 --- [crm-service] [restartedMain] com.netflix.discovery.DiscoveryClient    : Single vip registry refresh property : null
2025-05-20T11:18:44.636+05:30  INFO 17504 --- [crm-service] [restartedMain] com.netflix.discovery.DiscoveryClient    : Force full registry fetch : false
2025-05-20T11:18:44.636+05:30  INFO 17504 --- [crm-service] [restartedMain] com.netflix.discovery.DiscoveryClient    : Application is null : false
2025-05-20T11:18:44.636+05:30  INFO 17504 --- [crm-service] [restartedMain] com.netflix.discovery.DiscoveryClient    : Registered Applications size is zero : true
2025-05-20T11:18:44.638+05:30  INFO 17504 --- [crm-service] [restartedMain] com.netflix.discovery.DiscoveryClient    : Application version is -1: true
2025-05-20T11:18:44.638+05:30  INFO 17504 --- [crm-service] [restartedMain] com.netflix.discovery.DiscoveryClient    : Getting all instance registry info from the eureka server
2025-05-20T11:18:44.679+05:30  INFO 17504 --- [crm-service] [restartedMain] com.netflix.discovery.DiscoveryClient    : The response status is 200
2025-05-20T11:18:44.680+05:30  INFO 17504 --- [crm-service] [restartedMain] com.netflix.discovery.DiscoveryClient    : Starting heartbeat executor: renew interval is: 30
2025-05-20T11:18:44.680+05:30  INFO 17504 --- [crm-service] [restartedMain] c.n.discovery.InstanceInfoReplicator     : InstanceInfoReplicator onDemand update allowed rate per min is 4
2025-05-20T11:18:44.680+05:30  INFO 17504 --- [crm-service] [restartedMain] com.netflix.discovery.DiscoveryClient    : Discovery Client initialized at timestamp 1747720124680 with initial instances count: 4
2025-05-20T11:18:44.685+05:30  INFO 17504 --- [crm-service] [restartedMain] o.s.c.n.e.s.EurekaServiceRegistry        : Registering application CRM-SERVICE with eureka with status UP
2025-05-20T11:18:44.685+05:30  INFO 17504 --- [crm-service] [restartedMain] com.netflix.discovery.DiscoveryClient    : Saw local status change event StatusChangeEvent [timestamp=1747720124685, current=UP, previous=STARTING]
2025-05-20T11:18:44.685+05:30  INFO 17504 --- [crm-service] [DiscoveryClient-InstanceInfoReplicator-%d] com.netflix.discovery.DiscoveryClient    : DiscoveryClient_CRM-SERVICE/LAPTOP-O45SQN13:crm-service:1111: registering service...
2025-05-20T11:18:44.692+05:30  INFO 17504 --- [crm-service] [DiscoveryClient-InstanceInfoReplicator-%d] com.netflix.discovery.DiscoveryClient    : DiscoveryClient_CRM-SERVICE/LAPTOP-O45SQN13:crm-service:1111 - registration status: 204
2025-05-20T11:18:44.708+05:30  INFO 17504 --- [crm-service] [restartedMain] o.s.b.w.embedded.tomcat.TomcatWebServer  : Tomcat started on port 1111 (http) with context path '/'
2025-05-20T11:18:44.709+05:30  INFO 17504 --- [crm-service] [restartedMain] .s.c.n.e.s.EurekaAutoServiceRegistration : Updating port to 1111
2025-05-20T11:18:44.842+05:30  INFO 17504 --- [crm-service] [restartedMain] com.app.ClmsCrmApiModuleApplication      : Started ClmsCrmApiModuleApplication in 2.328 seconds (process running for 1745.437)
2025-05-20T11:18:44.843+05:30  INFO 17504 --- [crm-service] [restartedMain] .ConditionEvaluationDeltaLoggingListener : Condition evaluation unchanged
2025-05-20T11:18:56.754+05:30  INFO 17504 --- [crm-service] [http-nio-1111-exec-1] o.a.c.c.C.[Tomcat].[localhost].[/]       : Initializing Spring DispatcherServlet 'dispatcherServlet'
2025-05-20T11:18:56.754+05:30  INFO 17504 --- [crm-service] [http-nio-1111-exec-1] o.s.web.servlet.DispatcherServlet        : Initializing Servlet 'dispatcherServlet'
2025-05-20T11:18:56.755+05:30  INFO 17504 --- [crm-service] [http-nio-1111-exec-1] o.s.web.servlet.DispatcherServlet        : Completed initialization in 1 ms
2025-05-20T11:18:56.758+05:30  INFO 17504 --- [crm-service] [http-nio-1111-exec-1] com.app.controller.EnquiryController     : Enquiry Controller post mapping called...!
2025-05-20T11:18:56.768+05:30  INFO 17504 --- [crm-service] [http-nio-1111-exec-1] com.app.serviceimpl.EnquiryServiceImpl   : Enquiry has been saved successfully and Enquiry id is : 12
2025-05-20T11:19:00.290+05:30  INFO 17504 --- [crm-service] [http-nio-1111-exec-1] com.app.serviceimpl.EnquiryServiceImpl   : Mail has been sent to registered Email id : ingolesp100@gmail.com
2025-05-20T11:23:44.638+05:30  INFO 17504 --- [crm-service] [AsyncResolver-bootstrap-executor-%d] c.n.d.s.r.aws.ConfigClusterResolver      : Resolving eureka endpoints via configuration
2025-05-20T11:28:44.640+05:30  INFO 17504 --- [crm-service] [AsyncResolver-bootstrap-executor-%d] c.n.d.s.r.aws.ConfigClusterResolver      : Resolving eureka endpoints via configuration
2025-05-20T11:33:44.652+05:30  INFO 17504 --- [crm-service] [AsyncResolver-bootstrap-executor-%d] c.n.d.s.r.aws.ConfigClusterResolver      : Resolving eureka endpoints via configuration
2025-05-20T11:38:44.667+05:30  INFO 17504 --- [crm-service] [AsyncResolver-bootstrap-executor-%d] c.n.d.s.r.aws.ConfigClusterResolver      : Resolving eureka endpoints via configuration
2025-05-20T11:42:13.731+05:30  INFO 17504 --- [crm-service] [http-nio-1111-exec-3] com.app.controller.EnquiryController     : Enquiry Controller post mapping called...!
2025-05-20T11:42:13.775+05:30  INFO 17504 --- [crm-service] [http-nio-1111-exec-3] com.app.serviceimpl.EnquiryServiceImpl   : Enquiry has been saved successfully and Enquiry id is : 1
2025-05-20T11:42:17.294+05:30  INFO 17504 --- [crm-service] [http-nio-1111-exec-3] com.app.serviceimpl.EnquiryServiceImpl   : Mail has been sent to registered Email id : ingolesp100@gmail.com
2025-05-20T11:43:44.669+05:30  INFO 17504 --- [crm-service] [AsyncResolver-bootstrap-executor-%d] c.n.d.s.r.aws.ConfigClusterResolver      : Resolving eureka endpoints via configuration
2025-05-20T11:48:44.673+05:30  INFO 17504 --- [crm-service] [AsyncResolver-bootstrap-executor-%d] c.n.d.s.r.aws.ConfigClusterResolver      : Resolving eureka endpoints via configuration
2025-05-20T11:53:44.683+05:30  INFO 17504 --- [crm-service] [AsyncResolver-bootstrap-executor-%d] c.n.d.s.r.aws.ConfigClusterResolver      : Resolving eureka endpoints via configuration
